7e39be38903d410bda93515829006f6fb81c1060 Update git.txt
e7f7f700553fb39b6570022b91bb777132f13fcc Adding default git config list file
5459d3ebd8eb18ed817baecfa7603a567080f3ec Update git.txt
6a81a2dd83408b244ef6f07d28d8e40e0f3e0898 Update git.txt
707c95a5fbc91f488c46c7ea100f19ebf170bd8e Added some more mysql statements
5c043eedc3c03399f3a9dacd6f2a5eb565b4fb96 Added some more mysql commands using IN operator
5b5cc18f37ac292413722ab3d96be4a69329503e added like conditions statements
54056f9c03f092cd91a02d7721f7ab4ddd409196 Adding
1e1fd8ee1729e7a2a61b3ba95efdea929cf54f9f delete
0ee248c57fe74d423b32ef58ca87810d36927870 Delete a.txt
d6224081ff242e153b3106c13b8fa9b172b55779 Changing my comment
d3728fb52b933603e3adbc64f0b4c840c4156834 Adding files 1st commit
ea1c53350bd568a49e39ad5d733de932d1e57f93 Revert "Newly added files"
9ddcf16581e246cf2a149e234214edb516754a74 Newly added files
9ab85c7af6934b81319191b5aed5d8fe96c11f09 Merge branch 'master' of https://github.com/kbhat1234/automation-selenium-java
5caca24a21c0b636f3928714ccf16e4953c03c0f Delete a.txt
dff19dafba221f5f5c701ebf9a18616d0fe19cfe Update git.txt
88a47f0465ff22483006fdf4623ef7a5a1243a30 Revert "add"
1571b5445d1f2d74ce9164f872837175e62f74f8 add
902bb2a4521ac08d0e60ab42c24b96235b48fa86 Delete a.txt
7bb518133c0e5ec8a8a53965e49405cb6801c405 Delete b.txt
ca989387758766cf118647a8e24e20f93a84cad0 Merge branch 'sanity'
72aa03d99fadf5a5339e2882626341329dbe2d56 add
cd99c7812b341135d33b6328ef8d8a80f0c3ad99 modify
d1f50eb81aae90c3f12c97b31ed5966d955e81d5 add
490a0ee016373b63fc3e473aba33e2f710fed188 modified
cb1a85f0254b0739313a35b0ed89d8abc3974bcc Delete a.txt
09128586ec78b79b5a79ccbd9d086ada7ec26f55 add
83db4f0020e2b03e6647a7341e272a7bcc8812e7 update
9bf19b10cd1466e37e8b4306b9bd01077447093b add
8da535afc2c45608d27bcdfcdb42020b840dc12f update
296249daedf85e9dc4728d7d960b2b39bac4a632 Add
ddb6d25b646984eca0a284aab06dd48840d81540 Add
1d5289006b3d658794386ca2406f1c5a35aa49b7 add
408cb11ec416113b2ea87620438f1f98f9922411 Update git.txt
a52a359a6b75b13f8b8babdcf2f7b1d8a43c5ee3 add
a5659a0184f2b27df74232716ede04dcd8b3f23d add new files
ad12672b4705f33e482dd2f6340bf0a49829c8f7 Delete a.txt
685ff3f159511ef47e90d56ad4bd993be4809cff Create a.txt
9fb9cb7c059a93fd11978dad6d24619ad381582b Initial commit
